# JRE version: OpenJDK Runtime Environment Temurin-21.0.7+6 (21.0.7+6) (build 21.0.7+6-LTS)
# Java VM: OpenJDK 64-Bit Server VM Temurin-21.0.7+6 (21.0.7+6-LTS, mixed mode, sharing, tiered, compressed oops, compressed class ptrs, g1 gc, windows-amd64)
GC Precious Log:
 CardTable entry size: 512
 Card Set container configuration: InlinePtr #cards 4 size 8 Array Of Cards #cards 16 size 48 Howl #buckets 8 coarsen threshold 3686 Howl Bitmap #cards 512 size 80 coarsen threshold 460 Card regions per heap region 1 cards per card region 4096
 CPUs: 12 total, 12 available
 Memory: 16068M
 Large Page Support: Disabled
 NUMA Support: Disabled
 Compressed Oops: Enabled (Zero based)
 Heap Region Size: 2M
 Heap Min Capacity: 8M
 Heap Initial Capacity: 252M
 Heap Max Capacity: 4018M
 Pre-touch: Disabled
 Parallel Workers: 10
 Concurrent Workers: 3
 Concurrent Refinement Workers: 10
 Periodic GC: Disabled
Heap:
 garbage-first heap   total 14336K, used 3092K [0x0000000704e00000, 0x0000000800000000)
  region size 2048K, 1 young (2048K), 0 survivors (0K)
 Metaspace       used 4793K, committed 5056K, reserved 1114112K
  class space    used 532K, committed 640K, reserved 1048576K
GC Heap History (20 events):
Event: 6334.581 GC heap after
{Heap after GC invocations=289 (full 289):
 garbage-first heap   total 14336K, used 3092K [0x0000000704e00000, 0x0000000800000000)
  region size 2048K, 0 young (0K), 0 survivors (0K)
 Metaspace       used 4793K, committed 4992K, reserved 1114112K
  class space    used 532K, committed 640K, reserved 1048576K
}
Event: 6347.373 GC heap before
{Heap before GC invocations=289 (full 289):
 garbage-first heap   total 14336K, used 3092K [0x0000000704e00000, 0x0000000800000000)
  region size 2048K, 1 young (2048K), 0 survivors (0K)
 Metaspace       used 4793K, committed 4992K, reserved 1114112K
  class space    used 532K, committed 640K, reserved 1048576K
}
Event: 6347.396 GC heap after
{Heap after GC invocations=290 (full 290):
 garbage-first heap   total 14336K, used 3092K [0x0000000704e00000, 0x0000000800000000)
  region size 2048K, 0 young (0K), 0 survivors (0K)
 Metaspace       used 4793K, committed 4992K, reserved 1114112K
  class space    used 532K, committed 640K, reserved 1048576K
}
Event: 6360.648 GC heap before
{Heap before GC invocations=290 (full 290):
 garbage-first heap   total 14336K, used 3092K [0x0000000704e00000, 0x0000000800000000)
  region size 2048K, 1 young (2048K), 0 survivors (0K)
 Metaspace       used 4793K, committed 4992K, reserved 1114112K
  class space    used 532K, committed 640K, reserved 1048576K
}
Event: 6360.669 GC heap after
{Heap after GC invocations=291 (full 291):
 garbage-first heap   total 14336K, used 3092K [0x0000000704e00000, 0x0000000800000000)
  region size 2048K, 0 young (0K), 0 survivors (0K)
 Metaspace       used 4793K, committed 4992K, reserved 1114112K
  class space    used 532K, committed 640K, reserved 1048576K
}
Event: 6373.864 GC heap before
{Heap before GC invocations=291 (full 291):
 garbage-first heap   total 14336K, used 3092K [0x0000000704e00000, 0x0000000800000000)
  region size 2048K, 1 young (2048K), 0 survivors (0K)
 Metaspace       used 4793K, committed 4992K, reserved 1114112K
  class space    used 532K, committed 640K, reserved 1048576K
}
Event: 6373.879 GC heap after
{Heap after GC invocations=292 (full 292):
 garbage-first heap   total 14336K, used 3092K [0x0000000704e00000, 0x0000000800000000)
  region size 2048K, 0 young (0K), 0 survivors (0K)
 Metaspace       used 4793K, committed 4992K, reserved 1114112K
  class space    used 532K, committed 640K, reserved 1048576K
}
Event: 6385.421 GC heap before
{Heap before GC invocations=292 (full 292):
 garbage-first heap   total 14336K, used 3092K [0x0000000704e00000, 0x0000000800000000)
  region size 2048K, 1 young (2048K), 0 survivors (0K)
 Metaspace       used 4793K, committed 4992K, reserved 1114112K
  class space    used 532K, committed 640K, reserved 1048576K
}
Event: 6385.437 GC heap after
{Heap after GC invocations=293 (full 293):
 garbage-first heap   total 14336K, used 3092K [0x0000000704e00000, 0x0000000800000000)
  region size 2048K, 0 young (0K), 0 survivors (0K)
 Metaspace       used 4793K, committed 4992K, reserved 1114112K
  class space    used 532K, committed 640K, reserved 1048576K
}
Event: 6397.476 GC heap before
{Heap before GC invocations=293 (full 293):
 garbage-first heap   total 14336K, used 3092K [0x0000000704e00000, 0x0000000800000000)
  region size 2048K, 1 young (2048K), 0 survivors (0K)
 Metaspace       used 4793K, committed 4992K, reserved 1114112K
  class space    used 532K, committed 640K, reserved 1048576K
}
Event: 6397.499 GC heap after
{Heap after GC invocations=294 (full 294):
 garbage-first heap   total 14336K, used 3092K [0x0000000704e00000, 0x0000000800000000)
  region size 2048K, 0 young (0K), 0 survivors (0K)
 Metaspace       used 4793K, committed 4992K, reserved 1114112K
  class space    used 532K, committed 640K, reserved 1048576K
}
Event: 6408.865 GC heap before
{Heap before GC invocations=294 (full 294):
 garbage-first heap   total 14336K, used 3092K [0x0000000704e00000, 0x0000000800000000)
  region size 2048K, 1 young (2048K), 0 survivors (0K)
 Metaspace       used 4793K, committed 4992K, reserved 1114112K
  class space    used 532K, committed 640K, reserved 1048576K
}
Event: 6408.883 GC heap after
{Heap after GC invocations=295 (full 295):
 garbage-first heap   total 14336K, used 3092K [0x0000000704e00000, 0x0000000800000000)
  region size 2048K, 0 young (0K), 0 survivors (0K)
 Metaspace       used 4793K, committed 4992K, reserved 1114112K
  class space    used 532K, committed 640K, reserved 1048576K
}
Event: 6421.657 GC heap before
{Heap before GC invocations=295 (full 295):
 garbage-first heap   total 14336K, used 3092K [0x0000000704e00000, 0x0000000800000000)
  region size 2048K, 1 young (2048K), 0 survivors (0K)
 Metaspace       used 4793K, committed 4992K, reserved 1114112K
  class space    used 532K, committed 640K, reserved 1048576K
}
Event: 6421.674 GC heap after
{Heap after GC invocations=296 (full 296):
 garbage-first heap   total 14336K, used 3092K [0x0000000704e00000, 0x0000000800000000)
  region size 2048K, 0 young (0K), 0 survivors (0K)
 Metaspace       used 4793K, committed 4992K, reserved 1114112K
  class space    used 532K, committed 640K, reserved 1048576K
}
Event: 6436.351 GC heap before
{Heap before GC invocations=296 (full 296):
 garbage-first heap   total 14336K, used 3092K [0x0000000704e00000, 0x0000000800000000)
  region size 2048K, 1 young (2048K), 0 survivors (0K)
 Metaspace       used 4793K, committed 4992K, reserved 1114112K
  class space    used 532K, committed 640K, reserved 1048576K
}
Event: 6436.369 GC heap after
{Heap after GC invocations=297 (full 297):
 garbage-first heap   total 14336K, used 3092K [0x0000000704e00000, 0x0000000800000000)
  region size 2048K, 0 young (0K), 0 survivors (0K)
 Metaspace       used 4793K, committed 4992K, reserved 1114112K
  class space    used 532K, committed 640K, reserved 1048576K
}
Event: 6448.171 GC heap before
{Heap before GC invocations=297 (full 297):
 garbage-first heap   total 14336K, used 3092K [0x0000000704e00000, 0x0000000800000000)
  region size 2048K, 1 young (2048K), 0 survivors (0K)
 Metaspace       used 4793K, committed 4992K, reserved 1114112K
  class space    used 532K, committed 640K, reserved 1048576K
}
Event: 6448.184 GC heap after
{Heap after GC invocations=298 (full 298):
 garbage-first heap   total 14336K, used 3092K [0x0000000704e00000, 0x0000000800000000)
  region size 2048K, 0 young (0K), 0 survivors (0K)
 Metaspace       used 4793K, committed 4992K, reserved 1114112K
  class space    used 532K, committed 640K, reserved 1048576K
}
Event: 6459.808 GC heap before
{Heap before GC invocations=298 (full 298):
 garbage-first heap   total 14336K, used 3092K [0x0000000704e00000, 0x0000000800000000)
  region size 2048K, 1 young (2048K), 0 survivors (0K)
 Metaspace       used 4793K, committed 5056K, reserved 1114112K
  class space    used 532K, committed 640K, reserved 1048576K
}

