# JRE version: OpenJDK Runtime Environment Temurin-21.0.7+6 (21.0.7+6) (build 21.0.7+6-LTS)
# Java VM: OpenJDK 64-Bit Server VM Temurin-21.0.7+6 (21.0.7+6-LTS, mixed mode, sharing, tiered, compressed oops, compressed class ptrs, parallel gc, windows-amd64)
GC Precious Log:
 CardTable entry size: 512
 CPUs: 12 total, 12 available
 Memory: 16068M
 Large Page Support: Disabled
 NUMA Support: Disabled
 Compressed Oops: Enabled (32-bit)
 Alignments: Space 512K, Generation 512K, Heap 2M
 Heap Min Capacity: 100M
 Heap Initial Capacity: 100M
 Heap Max Capacity: 1G
 Pre-touch: Disabled
 Parallel Workers: 10
Heap:
 PSYoungGen      total 1536K, used 585K [0x00000000eab00000, 0x00000000ead80000, 0x0000000100000000)
  eden space 512K, 1% used [0x00000000eab00000,0x00000000eab02798,0x00000000eab80000)
  from space 1024K, 56% used [0x00000000eab80000,0x00000000eac10000,0x00000000eac80000)
  to   space 1024K, 0% used [0x00000000eac80000,0x00000000eac80000,0x00000000ead80000)
 ParOldGen       total 403968K, used 403618K [0x00000000c0000000, 0x00000000d8a80000, 0x00000000eab00000)
  object space 403968K, 99% used [0x00000000c0000000,0x00000000d8a28810,0x00000000d8a80000)
 Metaspace       used 64498K, committed 65920K, reserved 1114112K
  class space    used 6784K, committed 7424K, reserved 1048576K
GC Heap History (20 events):
Event: 120.433 GC heap before
{Heap before GC invocations=512 (full 3):
 PSYoungGen      total 1536K, used 1200K [0x00000000eab00000, 0x00000000ead80000, 0x0000000100000000)
  eden space 512K, 100% used [0x00000000eab00000,0x00000000eab80000,0x00000000eab80000)
  from space 1024K, 67% used [0x00000000eac80000,0x00000000ead2c000,0x00000000ead80000)
  to   space 1024K, 0% used [0x00000000eab80000,0x00000000eab80000,0x00000000eac80000)
 ParOldGen       total 396800K, used 396352K [0x00000000c0000000, 0x00000000d8380000, 0x00000000eab00000)
  object space 396800K, 99% used [0x00000000c0000000,0x00000000d83102a0,0x00000000d8380000)
 Metaspace       used 64477K, committed 65856K, reserved 1114112K
  class space    used 6784K, committed 7424K, reserved 1048576K
}
Event: 120.435 GC heap after
{Heap after GC invocations=512 (full 3):
 PSYoungGen      total 1536K, used 691K [0x00000000eab00000, 0x00000000ead80000, 0x0000000100000000)
  eden space 512K, 0% used [0x00000000eab00000,0x00000000eab00000,0x00000000eab80000)
  from space 1024K, 67% used [0x00000000eab80000,0x00000000eac2cfd0,0x00000000eac80000)
  to   space 1024K, 0% used [0x00000000eac80000,0x00000000eac80000,0x00000000ead80000)
 ParOldGen       total 397312K, used 396891K [0x00000000c0000000, 0x00000000d8400000, 0x00000000eab00000)
  object space 397312K, 99% used [0x00000000c0000000,0x00000000d8396d40,0x00000000d8400000)
 Metaspace       used 64477K, committed 65856K, reserved 1114112K
  class space    used 6784K, committed 7424K, reserved 1048576K
}
Event: 120.465 GC heap before
{Heap before GC invocations=513 (full 3):
 PSYoungGen      total 1536K, used 1203K [0x00000000eab00000, 0x00000000ead80000, 0x0000000100000000)
  eden space 512K, 100% used [0x00000000eab00000,0x00000000eab80000,0x00000000eab80000)
  from space 1024K, 67% used [0x00000000eab80000,0x00000000eac2cfd0,0x00000000eac80000)
  to   space 1024K, 0% used [0x00000000eac80000,0x00000000eac80000,0x00000000ead80000)
 ParOldGen       total 397312K, used 396891K [0x00000000c0000000, 0x00000000d8400000, 0x00000000eab00000)
  object space 397312K, 99% used [0x00000000c0000000,0x00000000d8396d40,0x00000000d8400000)
 Metaspace       used 64477K, committed 65856K, reserved 1114112K
  class space    used 6784K, committed 7424K, reserved 1048576K
}
Event: 120.468 GC heap after
{Heap after GC invocations=513 (full 3):
 PSYoungGen      total 1536K, used 672K [0x00000000eab00000, 0x00000000ead80000, 0x0000000100000000)
  eden space 512K, 0% used [0x00000000eab00000,0x00000000eab00000,0x00000000eab80000)
  from space 1024K, 65% used [0x00000000eac80000,0x00000000ead28000,0x00000000ead80000)
  to   space 1024K, 0% used [0x00000000eab80000,0x00000000eab80000,0x00000000eac80000)
 ParOldGen       total 397824K, used 397440K [0x00000000c0000000, 0x00000000d8480000, 0x00000000eab00000)
  object space 397824K, 99% used [0x00000000c0000000,0x00000000d84201f8,0x00000000d8480000)
 Metaspace       used 64477K, committed 65856K, reserved 1114112K
  class space    used 6784K, committed 7424K, reserved 1048576K
}
Event: 120.490 GC heap before
{Heap before GC invocations=514 (full 3):
 PSYoungGen      total 1536K, used 1183K [0x00000000eab00000, 0x00000000ead80000, 0x0000000100000000)
  eden space 512K, 99% used [0x00000000eab00000,0x00000000eab7ffe8,0x00000000eab80000)
  from space 1024K, 65% used [0x00000000eac80000,0x00000000ead28000,0x00000000ead80000)
  to   space 1024K, 0% used [0x00000000eab80000,0x00000000eab80000,0x00000000eac80000)
 ParOldGen       total 397824K, used 397440K [0x00000000c0000000, 0x00000000d8480000, 0x00000000eab00000)
  object space 397824K, 99% used [0x00000000c0000000,0x00000000d84201f8,0x00000000d8480000)
 Metaspace       used 64477K, committed 65856K, reserved 1114112K
  class space    used 6784K, committed 7424K, reserved 1048576K
}
Event: 120.492 GC heap after
{Heap after GC invocations=514 (full 3):
 PSYoungGen      total 1536K, used 672K [0x00000000eab00000, 0x00000000ead80000, 0x0000000100000000)
  eden space 512K, 0% used [0x00000000eab00000,0x00000000eab00000,0x00000000eab80000)
  from space 1024K, 65% used [0x00000000eab80000,0x00000000eac28000,0x00000000eac80000)
  to   space 1024K, 0% used [0x00000000eac80000,0x00000000eac80000,0x00000000ead80000)
 ParOldGen       total 398336K, used 397971K [0x00000000c0000000, 0x00000000d8500000, 0x00000000eab00000)
  object space 398336K, 99% used [0x00000000c0000000,0x00000000d84a4c98,0x00000000d8500000)
 Metaspace       used 64477K, committed 65856K, reserved 1114112K
  class space    used 6784K, committed 7424K, reserved 1048576K
}
Event: 120.517 GC heap before
{Heap before GC invocations=515 (full 3):
 PSYoungGen      total 1536K, used 1182K [0x00000000eab00000, 0x00000000ead80000, 0x0000000100000000)
  eden space 512K, 99% used [0x00000000eab00000,0x00000000eab7fa58,0x00000000eab80000)
  from space 1024K, 65% used [0x00000000eab80000,0x00000000eac28000,0x00000000eac80000)
  to   space 1024K, 0% used [0x00000000eac80000,0x00000000eac80000,0x00000000ead80000)
 ParOldGen       total 398336K, used 397971K [0x00000000c0000000, 0x00000000d8500000, 0x00000000eab00000)
  object space 398336K, 99% used [0x00000000c0000000,0x00000000d84a4c98,0x00000000d8500000)
 Metaspace       used 64477K, committed 65856K, reserved 1114112K
  class space    used 6784K, committed 7424K, reserved 1048576K
}
Event: 120.520 GC heap after
{Heap after GC invocations=515 (full 3):
 PSYoungGen      total 1536K, used 640K [0x00000000eab00000, 0x00000000ead80000, 0x0000000100000000)
  eden space 512K, 0% used [0x00000000eab00000,0x00000000eab00000,0x00000000eab80000)
  from space 1024K, 62% used [0x00000000eac80000,0x00000000ead20000,0x00000000ead80000)
  to   space 1024K, 0% used [0x00000000eab80000,0x00000000eab80000,0x00000000eac80000)
 ParOldGen       total 398848K, used 398519K [0x00000000c0000000, 0x00000000d8580000, 0x00000000eab00000)
  object space 398848K, 99% used [0x00000000c0000000,0x00000000d852dc90,0x00000000d8580000)
 Metaspace       used 64477K, committed 65856K, reserved 1114112K
  class space    used 6784K, committed 7424K, reserved 1048576K
}
Event: 120.538 GC heap before
{Heap before GC invocations=516 (full 3):
 PSYoungGen      total 1536K, used 1146K [0x00000000eab00000, 0x00000000ead80000, 0x0000000100000000)
  eden space 512K, 98% used [0x00000000eab00000,0x00000000eab7ea28,0x00000000eab80000)
  from space 1024K, 62% used [0x00000000eac80000,0x00000000ead20000,0x00000000ead80000)
  to   space 1024K, 0% used [0x00000000eab80000,0x00000000eab80000,0x00000000eac80000)
 ParOldGen       total 398848K, used 398519K [0x00000000c0000000, 0x00000000d8580000, 0x00000000eab00000)
  object space 398848K, 99% used [0x00000000c0000000,0x00000000d852dc90,0x00000000d8580000)
 Metaspace       used 64477K, committed 65856K, reserved 1114112K
  class space    used 6784K, committed 7424K, reserved 1048576K
}
Event: 120.540 GC heap after
{Heap after GC invocations=516 (full 3):
 PSYoungGen      total 1536K, used 640K [0x00000000eab00000, 0x00000000ead80000, 0x0000000100000000)
  eden space 512K, 0% used [0x00000000eab00000,0x00000000eab00000,0x00000000eab80000)
  from space 1024K, 62% used [0x00000000eab80000,0x00000000eac20000,0x00000000eac80000)
  to   space 1024K, 0% used [0x00000000eac80000,0x00000000eac80000,0x00000000ead80000)
 ParOldGen       total 399360K, used 399057K [0x00000000c0000000, 0x00000000d8600000, 0x00000000eab00000)
  object space 399360K, 99% used [0x00000000c0000000,0x00000000d85b4708,0x00000000d8600000)
 Metaspace       used 64477K, committed 65856K, reserved 1114112K
  class space    used 6784K, committed 7424K, reserved 1048576K
}
Event: 120.554 GC heap before
{Heap before GC invocations=517 (full 3):
 PSYoungGen      total 1536K, used 1027K [0x00000000eab00000, 0x00000000ead80000, 0x0000000100000000)
  eden space 512K, 75% used [0x00000000eab00000,0x00000000eab60fc8,0x00000000eab80000)
  from space 1024K, 62% used [0x00000000eab80000,0x00000000eac20000,0x00000000eac80000)
  to   space 1024K, 0% used [0x00000000eac80000,0x00000000eac80000,0x00000000ead80000)
 ParOldGen       total 399360K, used 399057K [0x00000000c0000000, 0x00000000d8600000, 0x00000000eab00000)
  object space 399360K, 99% used [0x00000000c0000000,0x00000000d85b4708,0x00000000d8600000)
 Metaspace       used 64477K, committed 65856K, reserved 1114112K
  class space    used 6784K, committed 7424K, reserved 1048576K
}
Event: 120.558 GC heap after
{Heap after GC invocations=517 (full 3):
 PSYoungGen      total 1536K, used 576K [0x00000000eab00000, 0x00000000ead80000, 0x0000000100000000)
  eden space 512K, 0% used [0x00000000eab00000,0x00000000eab00000,0x00000000eab80000)
  from space 1024K, 56% used [0x00000000eac80000,0x00000000ead10000,0x00000000ead80000)
  to   space 1024K, 0% used [0x00000000eab80000,0x00000000eab80000,0x00000000eac80000)
 ParOldGen       total 399872K, used 399598K [0x00000000c0000000, 0x00000000d8680000, 0x00000000eab00000)
  object space 399872K, 99% used [0x00000000c0000000,0x00000000d863bbc0,0x00000000d8680000)
 Metaspace       used 64477K, committed 65856K, reserved 1114112K
  class space    used 6784K, committed 7424K, reserved 1048576K
}
Event: 120.568 GC heap before
{Heap before GC invocations=518 (full 3):
 PSYoungGen      total 1536K, used 1088K [0x00000000eab00000, 0x00000000ead80000, 0x0000000100000000)
  eden space 512K, 100% used [0x00000000eab00000,0x00000000eab80000,0x00000000eab80000)
  from space 1024K, 56% used [0x00000000eac80000,0x00000000ead10000,0x00000000ead80000)
  to   space 1024K, 0% used [0x00000000eab80000,0x00000000eab80000,0x00000000eac80000)
 ParOldGen       total 399872K, used 399598K [0x00000000c0000000, 0x00000000d8680000, 0x00000000eab00000)
  object space 399872K, 99% used [0x00000000c0000000,0x00000000d863bbc0,0x00000000d8680000)
 Metaspace       used 64477K, committed 65856K, reserved 1114112K
  class space    used 6784K, committed 7424K, reserved 1048576K
}
Event: 120.569 GC heap after
{Heap after GC invocations=518 (full 3):
 PSYoungGen      total 1536K, used 615K [0x00000000eab00000, 0x00000000ead80000, 0x0000000100000000)
  eden space 512K, 0% used [0x00000000eab00000,0x00000000eab00000,0x00000000eab80000)
  from space 1024K, 60% used [0x00000000eab80000,0x00000000eac19d80,0x00000000eac80000)
  to   space 1024K, 0% used [0x00000000eac80000,0x00000000eac80000,0x00000000ead80000)
 ParOldGen       total 400384K, used 400014K [0x00000000c0000000, 0x00000000d8700000, 0x00000000eab00000)
  object space 400384K, 99% used [0x00000000c0000000,0x00000000d86a3bb0,0x00000000d8700000)
 Metaspace       used 64477K, committed 65856K, reserved 1114112K
  class space    used 6784K, committed 7424K, reserved 1048576K
}
Event: 120.585 GC heap before
{Heap before GC invocations=519 (full 3):
 PSYoungGen      total 1536K, used 1127K [0x00000000eab00000, 0x00000000ead80000, 0x0000000100000000)
  eden space 512K, 99% used [0x00000000eab00000,0x00000000eab7ff18,0x00000000eab80000)
  from space 1024K, 60% used [0x00000000eab80000,0x00000000eac19d80,0x00000000eac80000)
  to   space 1024K, 0% used [0x00000000eac80000,0x00000000eac80000,0x00000000ead80000)
 ParOldGen       total 400384K, used 400014K [0x00000000c0000000, 0x00000000d8700000, 0x00000000eab00000)
  object space 400384K, 99% used [0x00000000c0000000,0x00000000d86a3bb0,0x00000000d8700000)
 Metaspace       used 64477K, committed 65856K, reserved 1114112K
  class space    used 6784K, committed 7424K, reserved 1048576K
}
Event: 120.589 GC heap after
{Heap after GC invocations=519 (full 3):
 PSYoungGen      total 1536K, used 659K [0x00000000eab00000, 0x00000000ead80000, 0x0000000100000000)
  eden space 512K, 0% used [0x00000000eab00000,0x00000000eab00000,0x00000000eab80000)
  from space 1024K, 64% used [0x00000000eac80000,0x00000000ead24fd0,0x00000000ead80000)
  to   space 1024K, 0% used [0x00000000eab80000,0x00000000eab80000,0x00000000eac80000)
 ParOldGen       total 400896K, used 400564K [0x00000000c0000000, 0x00000000d8780000, 0x00000000eab00000)
  object space 400896K, 99% used [0x00000000c0000000,0x00000000d872d3c8,0x00000000d8780000)
 Metaspace       used 64477K, committed 65856K, reserved 1114112K
  class space    used 6784K, committed 7424K, reserved 1048576K
}
Event: 120.617 GC heap before
{Heap before GC invocations=520 (full 3):
 PSYoungGen      total 1536K, used 1171K [0x00000000eab00000, 0x00000000ead80000, 0x0000000100000000)
  eden space 512K, 99% used [0x00000000eab00000,0x00000000eab7ffe8,0x00000000eab80000)
  from space 1024K, 64% used [0x00000000eac80000,0x00000000ead24fd0,0x00000000ead80000)
  to   space 1024K, 0% used [0x00000000eab80000,0x00000000eab80000,0x00000000eac80000)
 ParOldGen       total 400896K, used 400564K [0x00000000c0000000, 0x00000000d8780000, 0x00000000eab00000)
  object space 400896K, 99% used [0x00000000c0000000,0x00000000d872d3c8,0x00000000d8780000)
 Metaspace       used 64493K, committed 65920K, reserved 1114112K
  class space    used 6784K, committed 7424K, reserved 1048576K
}
Event: 120.619 GC heap after
{Heap after GC invocations=520 (full 3):
 PSYoungGen      total 1536K, used 711K [0x00000000eab00000, 0x00000000ead80000, 0x0000000100000000)
  eden space 512K, 0% used [0x00000000eab00000,0x00000000eab00000,0x00000000eab80000)
  from space 1024K, 69% used [0x00000000eab80000,0x00000000eac31fa0,0x00000000eac80000)
  to   space 1024K, 0% used [0x00000000eac80000,0x00000000eac80000,0x00000000ead80000)
 ParOldGen       total 401408K, used 401088K [0x00000000c0000000, 0x00000000d8800000, 0x00000000eab00000)
  object space 401408K, 99% used [0x00000000c0000000,0x00000000d87b0360,0x00000000d8800000)
 Metaspace       used 64493K, committed 65920K, reserved 1114112K
  class space    used 6784K, committed 7424K, reserved 1048576K
}
Event: 120.667 GC heap before
{Heap before GC invocations=521 (full 3):
 PSYoungGen      total 1536K, used 1223K [0x00000000eab00000, 0x00000000ead80000, 0x0000000100000000)
  eden space 512K, 100% used [0x00000000eab00000,0x00000000eab80000,0x00000000eab80000)
  from space 1024K, 69% used [0x00000000eab80000,0x00000000eac31fa0,0x00000000eac80000)
  to   space 1024K, 0% used [0x00000000eac80000,0x00000000eac80000,0x00000000ead80000)
 ParOldGen       total 403456K, used 402600K [0x00000000c0000000, 0x00000000d8a00000, 0x00000000eab00000)
  object space 403456K, 99% used [0x00000000c0000000,0x00000000d892a360,0x00000000d8a00000)
 Metaspace       used 64498K, committed 65920K, reserved 1114112K
  class space    used 6784K, committed 7424K, reserved 1048576K
}
Event: 120.670 GC heap after
{Heap after GC invocations=521 (full 3):
 PSYoungGen      total 1536K, used 608K [0x00000000eab00000, 0x00000000ead80000, 0x0000000100000000)
  eden space 512K, 0% used [0x00000000eab00000,0x00000000eab00000,0x00000000eab80000)
  from space 1024K, 59% used [0x00000000eac80000,0x00000000ead18000,0x00000000ead80000)
  to   space 1024K, 0% used [0x00000000eab80000,0x00000000eab80000,0x00000000eac80000)
 ParOldGen       total 403456K, used 403115K [0x00000000c0000000, 0x00000000d8a00000, 0x00000000eab00000)
  object space 403456K, 99% used [0x00000000c0000000,0x00000000d89aad68,0x00000000d8a00000)
 Metaspace       used 64498K, committed 65920K, reserved 1114112K
  class space    used 6784K, committed 7424K, reserved 1048576K
}

