# JRE version: OpenJDK Runtime Environment Temurin-21.0.7+6 (21.0.7+6) (build 21.0.7+6-LTS)
# Java VM: OpenJDK 64-Bit Server VM Temurin-21.0.7+6 (21.0.7+6-LTS, mixed mode, sharing, tiered, compressed oops, compressed class ptrs, g1 gc, windows-amd64)
GC Precious Log:
 CardTable entry size: 512
 Card Set container configuration: InlinePtr #cards 4 size 8 Array Of Cards #cards 16 size 48 Howl #buckets 8 coarsen threshold 3686 Howl Bitmap #cards 512 size 80 coarsen threshold 460 Card regions per heap region 1 cards per card region 4096
 CPUs: 12 total, 12 available
 Memory: 16068M
 Large Page Support: Disabled
 NUMA Support: Disabled
 Compressed Oops: Enabled (Zero based)
 Heap Region Size: 2M
 Heap Min Capacity: 8M
 Heap Initial Capacity: 252M
 Heap Max Capacity: 4018M
 Pre-touch: Disabled
 Parallel Workers: 10
 Concurrent Workers: 3
 Concurrent Refinement Workers: 10
 Periodic GC: Disabled
Heap:
 garbage-first heap   total 14336K, used 3741K [0x0000000704e00000, 0x0000000800000000)
  region size 2048K, 1 young (2048K), 0 survivors (0K)
 Metaspace       used 5898K, committed 6144K, reserved 1114112K
  class space    used 681K, committed 832K, reserved 1048576K
GC Heap History (20 events):
Event: 877.581 GC heap after
{Heap after GC invocations=76 (full 76):
 garbage-first heap   total 14336K, used 3673K [0x0000000704e00000, 0x0000000800000000)
  region size 2048K, 0 young (0K), 0 survivors (0K)
 Metaspace       used 5739K, committed 6016K, reserved 1114112K
  class space    used 660K, committed 768K, reserved 1048576K
}
Event: 889.648 GC heap before
{Heap before GC invocations=76 (full 76):
 garbage-first heap   total 14336K, used 3673K [0x0000000704e00000, 0x0000000800000000)
  region size 2048K, 1 young (2048K), 0 survivors (0K)
 Metaspace       used 5739K, committed 6016K, reserved 1114112K
  class space    used 660K, committed 768K, reserved 1048576K
}
Event: 889.659 GC heap after
{Heap after GC invocations=77 (full 77):
 garbage-first heap   total 14336K, used 3673K [0x0000000704e00000, 0x0000000800000000)
  region size 2048K, 0 young (0K), 0 survivors (0K)
 Metaspace       used 5739K, committed 6016K, reserved 1114112K
  class space    used 660K, committed 768K, reserved 1048576K
}
Event: 900.935 GC heap before
{Heap before GC invocations=77 (full 77):
 garbage-first heap   total 14336K, used 3673K [0x0000000704e00000, 0x0000000800000000)
  region size 2048K, 1 young (2048K), 0 survivors (0K)
 Metaspace       used 5739K, committed 6016K, reserved 1114112K
  class space    used 660K, committed 768K, reserved 1048576K
}
Event: 900.947 GC heap after
{Heap after GC invocations=78 (full 78):
 garbage-first heap   total 14336K, used 3673K [0x0000000704e00000, 0x0000000800000000)
  region size 2048K, 0 young (0K), 0 survivors (0K)
 Metaspace       used 5739K, committed 6016K, reserved 1114112K
  class space    used 660K, committed 768K, reserved 1048576K
}
Event: 911.720 GC heap before
{Heap before GC invocations=78 (full 78):
 garbage-first heap   total 14336K, used 3673K [0x0000000704e00000, 0x0000000800000000)
  region size 2048K, 1 young (2048K), 0 survivors (0K)
 Metaspace       used 5739K, committed 6016K, reserved 1114112K
  class space    used 660K, committed 768K, reserved 1048576K
}
Event: 911.733 GC heap after
{Heap after GC invocations=79 (full 79):
 garbage-first heap   total 14336K, used 3673K [0x0000000704e00000, 0x0000000800000000)
  region size 2048K, 0 young (0K), 0 survivors (0K)
 Metaspace       used 5739K, committed 6016K, reserved 1114112K
  class space    used 660K, committed 768K, reserved 1048576K
}
Event: 922.644 GC heap before
{Heap before GC invocations=79 (full 79):
 garbage-first heap   total 14336K, used 3673K [0x0000000704e00000, 0x0000000800000000)
  region size 2048K, 1 young (2048K), 0 survivors (0K)
 Metaspace       used 5739K, committed 6016K, reserved 1114112K
  class space    used 660K, committed 768K, reserved 1048576K
}
Event: 922.656 GC heap after
{Heap after GC invocations=80 (full 80):
 garbage-first heap   total 14336K, used 3673K [0x0000000704e00000, 0x0000000800000000)
  region size 2048K, 0 young (0K), 0 survivors (0K)
 Metaspace       used 5739K, committed 6016K, reserved 1114112K
  class space    used 660K, committed 768K, reserved 1048576K
}
Event: 933.687 GC heap before
{Heap before GC invocations=80 (full 80):
 garbage-first heap   total 14336K, used 3673K [0x0000000704e00000, 0x0000000800000000)
  region size 2048K, 1 young (2048K), 0 survivors (0K)
 Metaspace       used 5739K, committed 6016K, reserved 1114112K
  class space    used 660K, committed 768K, reserved 1048576K
}
Event: 933.701 GC heap after
{Heap after GC invocations=81 (full 81):
 garbage-first heap   total 14336K, used 3673K [0x0000000704e00000, 0x0000000800000000)
  region size 2048K, 0 young (0K), 0 survivors (0K)
 Metaspace       used 5739K, committed 6016K, reserved 1114112K
  class space    used 660K, committed 768K, reserved 1048576K
}
Event: 945.929 GC heap before
{Heap before GC invocations=81 (full 81):
 garbage-first heap   total 14336K, used 3673K [0x0000000704e00000, 0x0000000800000000)
  region size 2048K, 1 young (2048K), 0 survivors (0K)
 Metaspace       used 5739K, committed 6016K, reserved 1114112K
  class space    used 660K, committed 768K, reserved 1048576K
}
Event: 945.940 GC heap after
{Heap after GC invocations=82 (full 82):
 garbage-first heap   total 14336K, used 3673K [0x0000000704e00000, 0x0000000800000000)
  region size 2048K, 0 young (0K), 0 survivors (0K)
 Metaspace       used 5739K, committed 6016K, reserved 1114112K
  class space    used 660K, committed 768K, reserved 1048576K
}
Event: 958.446 GC heap before
{Heap before GC invocations=82 (full 82):
 garbage-first heap   total 14336K, used 3673K [0x0000000704e00000, 0x0000000800000000)
  region size 2048K, 1 young (2048K), 0 survivors (0K)
 Metaspace       used 5887K, committed 6144K, reserved 1114112K
  class space    used 681K, committed 832K, reserved 1048576K
}
Event: 958.461 GC heap after
{Heap after GC invocations=83 (full 83):
 garbage-first heap   total 14336K, used 3741K [0x0000000704e00000, 0x0000000800000000)
  region size 2048K, 0 young (0K), 0 survivors (0K)
 Metaspace       used 5887K, committed 6144K, reserved 1114112K
  class space    used 681K, committed 832K, reserved 1048576K
}
Event: 970.466 GC heap before
{Heap before GC invocations=83 (full 83):
 garbage-first heap   total 14336K, used 3741K [0x0000000704e00000, 0x0000000800000000)
  region size 2048K, 1 young (2048K), 0 survivors (0K)
 Metaspace       used 5893K, committed 6144K, reserved 1114112K
  class space    used 681K, committed 832K, reserved 1048576K
}
Event: 970.492 GC heap after
{Heap after GC invocations=84 (full 84):
 garbage-first heap   total 14336K, used 3741K [0x0000000704e00000, 0x0000000800000000)
  region size 2048K, 0 young (0K), 0 survivors (0K)
 Metaspace       used 5893K, committed 6144K, reserved 1114112K
  class space    used 681K, committed 832K, reserved 1048576K
}
Event: 981.955 GC heap before
{Heap before GC invocations=84 (full 84):
 garbage-first heap   total 14336K, used 3741K [0x0000000704e00000, 0x0000000800000000)
  region size 2048K, 1 young (2048K), 0 survivors (0K)
 Metaspace       used 5894K, committed 6144K, reserved 1114112K
  class space    used 681K, committed 832K, reserved 1048576K
}
Event: 981.984 GC heap after
{Heap after GC invocations=85 (full 85):
 garbage-first heap   total 14336K, used 3741K [0x0000000704e00000, 0x0000000800000000)
  region size 2048K, 0 young (0K), 0 survivors (0K)
 Metaspace       used 5894K, committed 6144K, reserved 1114112K
  class space    used 681K, committed 832K, reserved 1048576K
}
Event: 992.550 GC heap before
{Heap before GC invocations=85 (full 85):
 garbage-first heap   total 14336K, used 3741K [0x0000000704e00000, 0x0000000800000000)
  region size 2048K, 1 young (2048K), 0 survivors (0K)
 Metaspace       used 5898K, committed 6144K, reserved 1114112K
  class space    used 681K, committed 832K, reserved 1048576K
}

