# JRE version: Java(TM) SE Runtime Environment (17.0.14+8) (build 17.0.14+8-LTS-191)
# Java VM: Java HotSpot(TM) 64-Bit Server VM (17.0.14+8-LTS-191, mixed mode, sharing, tiered, compressed oops, compressed class ptrs, g1 gc, windows-amd64)
GC Precious Log:
 CPUs: 12 total, 12 available
 Memory: 16068M
 Large Page Support: Disabled
 NUMA Support: Disabled
 Compressed Oops: Enabled (32-bit)
 Heap Region Size: 1M
 Heap Min Capacity: 8M
 Heap Initial Capacity: 64M
 Heap Max Capacity: 64M
 Pre-touch: Disabled
 Parallel Workers: 10
 Concurrent Workers: 3
 Concurrent Refinement Workers: 10
 Periodic GC: Disabled
Heap:
 garbage-first heap   total 65536K, used 34780K [0x00000000fc000000, 0x0000000100000000)
  region size 1024K, 31 young (31744K), 3 survivors (3072K)
 Metaspace       used 15904K, committed 16128K, reserved 1114112K
  class space    used 1804K, committed 1920K, reserved 1048576K
GC Heap History (6 events):
Event: 4679.390 GC heap before
{Heap before GC invocations=0 (full 0):
 garbage-first heap   total 65536K, used 23552K [0x00000000fc000000, 0x0000000100000000)
  region size 1024K, 23 young (23552K), 0 survivors (0K)
 Metaspace       used 7556K, committed 7744K, reserved 1114112K
  class space    used 933K, committed 1024K, reserved 1048576K
}
Event: 4679.401 GC heap after
{Heap after GC invocations=1 (full 0):
 garbage-first heap   total 65536K, used 5586K [0x00000000fc000000, 0x0000000100000000)
  region size 1024K, 3 young (3072K), 3 survivors (3072K)
 Metaspace       used 7556K, committed 7744K, reserved 1114112K
  class space    used 933K, committed 1024K, reserved 1048576K
}
Event: 4721.906 GC heap before
{Heap before GC invocations=1 (full 0):
 garbage-first heap   total 65536K, used 30162K [0x00000000fc000000, 0x0000000100000000)
  region size 1024K, 28 young (28672K), 3 survivors (3072K)
 Metaspace       used 13327K, committed 13504K, reserved 1114112K
  class space    used 1563K, committed 1664K, reserved 1048576K
}
Event: 4721.911 GC heap after
{Heap after GC invocations=2 (full 0):
 garbage-first heap   total 65536K, used 7539K [0x00000000fc000000, 0x0000000100000000)
  region size 1024K, 3 young (3072K), 3 survivors (3072K)
 Metaspace       used 13327K, committed 13504K, reserved 1114112K
  class space    used 1563K, committed 1664K, reserved 1048576K
}
Event: 5300.908 GC heap before
{Heap before GC invocations=2 (full 0):
 garbage-first heap   total 65536K, used 39283K [0x00000000fc000000, 0x0000000100000000)
  region size 1024K, 35 young (35840K), 3 survivors (3072K)
 Metaspace       used 15540K, committed 15744K, reserved 1114112K
  class space    used 1796K, committed 1920K, reserved 1048576K
}
Event: 5300.911 GC heap after
{Heap after GC invocations=3 (full 0):
 garbage-first heap   total 65536K, used 8156K [0x00000000fc000000, 0x0000000100000000)
  region size 1024K, 3 young (3072K), 3 survivors (3072K)
 Metaspace       used 15540K, committed 15744K, reserved 1114112K
  class space    used 1796K, committed 1920K, reserved 1048576K
}

